<?xml version="1.0" encoding="utf-8" standalone="no"?>
<!--This file represents the results of running a test suite-->
<test-results name="C:\Users\Ricardo\Desktop\repos\STrackerServer\STrackerServer\BuildArtifacts\STrackerServer.Tests.dll" total="1" errors="0" failures="0" not-run="0" inconclusive="0" ignored="0" skipped="0" invalid="0" date="2013-03-10" time="19:52:37">
  <environment nunit-version="2.6.2.12296" clr-version="2.0.50727.6387" os-version="Microsoft Windows NT 6.2.9200.0" platform="Win32NT" cwd="C:\Users\Ricardo\Desktop\repos\STrackerServer\STrackerServer" machine-name="RICARDO-WIN" user="Ricardo" user-domain="Ricardo-Win" />
  <culture-info current-culture="pt-PT" current-uiculture="en-GB" />
  <test-suite type="Assembly" name="C:\Users\Ricardo\Desktop\repos\STrackerServer\STrackerServer\BuildArtifacts\STrackerServer.Tests.dll" executed="True" result="Success" success="True" time="0.094" asserts="0">
    <results>
      <test-suite type="Namespace" name="STrackerServer" executed="True" result="Success" success="True" time="0.077" asserts="0">
        <results>
          <test-suite type="Namespace" name="Tests" executed="True" result="Success" success="True" time="0.062" asserts="0">
            <results>
              <test-suite type="Namespace" name="Tests" executed="True" result="Success" success="True" time="0.062" asserts="0">
                <results>
                  <test-suite type="TestFixture" name="HomeControllerTest" executed="True" result="Success" success="True" time="0.047" asserts="0">
                    <results>
                      <test-case name="STrackerServer.Tests.Tests.HomeControllerTest.TestIndex" executed="True" result="Success" success="True" time="0.031" asserts="1" />
                    </results>
                  </test-suite>
                </results>
              </test-suite>
            </results>
          </test-suite>
        </results>
      </test-suite>
    </results>
  </test-suite>
</test-results>